<?xml version="1.0" encoding="UTF-8"?>
<!-- Generated by org.testng.reporters.JUnitReportReporter -->
<testsuite hostname="Nityas-MacBook-Air.local" failures="0" tests="1" name="Practice.dropDown" time="0.571" errors="0" timestamp="27 May 2022 15:25:43 GMT">
  <testcase classname="Practice.dropDown" name="test" time="0.571"/>
</testsuite> <!-- Practice.dropDown -->
