<?xml version="1.0" encoding="UTF-8"?>
<!-- Generated by org.testng.reporters.JUnitReportReporter -->
<testsuite hostname="Nityas-MacBook-Air.local" name="Practice.test_01" tests="1" failures="0" timestamp="11 Dec 2019 12:10:46 GMT" time="39.973" errors="0">
  <testcase name="testTestCase2" time="39.973" classname="Practice.test_01"/>
</testsuite> <!-- Practice.test_01 -->
