<?xml version="1.0" encoding="UTF-8"?>
<!-- Generated by org.testng.reporters.JUnitReportReporter -->
<testsuite hostname="Nityas-MacBook-Air.local" name="qaclickacademy.AppiumTest" tests="2" failures="0" timestamp="11 Dec 2019 12:05:34 GMT" time="0.023" errors="0">
  <testcase name="IOSApps" time="0.017" classname="qaclickacademy.AppiumTest"/>
  <testcase name="NativeAppAndriod" time="0.006" classname="qaclickacademy.AppiumTest"/>
</testsuite> <!-- qaclickacademy.AppiumTest -->
