<?xml version="1.0" encoding="UTF-8"?>
<!-- Generated by org.testng.reporters.JUnitReportReporter -->
<testsuite skipped="0" hostname="Nityas-MacBook-Air.local" name="qaclickacademy.AppiumTest" tests="2" failures="0" timestamp="2019-08-28T13:26:57 IST" time="0.009" errors="0">
  <testcase name="IOSApps" time="0.009" classname="qaclickacademy.AppiumTest"/>
  <testcase name="NativeAppAndriod" time="0.000" classname="qaclickacademy.AppiumTest"/>
</testsuite> <!-- qaclickacademy.AppiumTest -->
